Performing C SOURCE FILE Test CMAKE_HAVE_LIBC_PTHREAD failed with the following output:
Change Dir: /home/bzfmexig/projects/FeasPumpCollection/build/CMakeFiles/CMakeTmp

Run Build Command(s):/home/bzfmexig/anaconda3/bin/ninja cmTC_99419 && [1/2] Building C object CMakeFiles/cmTC_99419.dir/src.c.o
[2/2] Linking C executable cmTC_99419
FAILED: cmTC_99419 
: && /usr/bin/gcc   CMakeFiles/cmTC_99419.dir/src.c.o -o cmTC_99419   && :
/usr/bin/ld: CMakeFiles/cmTC_99419.dir/src.c.o: in function `main':
src.c:(.text+0x46): undefined reference to `pthread_create'
/usr/bin/ld: src.c:(.text+0x52): undefined reference to `pthread_detach'
/usr/bin/ld: src.c:(.text+0x5e): undefined reference to `pthread_cancel'
/usr/bin/ld: src.c:(.text+0x6f): undefined reference to `pthread_join'
collect2: error: ld returned 1 exit status
ninja: build stopped: subcommand failed.


Source file was:
#include <pthread.h>

static void* test_func(void* data)
{
  return data;
}

int main(void)
{
  pthread_t thread;
  pthread_create(&thread, NULL, test_func, NULL);
  pthread_detach(thread);
  pthread_cancel(thread);
  pthread_join(thread, NULL);
  pthread_atfork(NULL, NULL, NULL);
  pthread_exit(NULL);

  return 0;
}

Determining if the function pthread_create exists in the pthreads failed with the following output:
Change Dir: /home/bzfmexig/projects/FeasPumpCollection/build/CMakeFiles/CMakeTmp

Run Build Command(s):/home/bzfmexig/anaconda3/bin/ninja cmTC_0a8c7 && [1/2] Building C object CMakeFiles/cmTC_0a8c7.dir/CheckFunctionExists.c.o
[2/2] Linking C executable cmTC_0a8c7
FAILED: cmTC_0a8c7 
: && /usr/bin/gcc -DCHECK_FUNCTION_EXISTS=pthread_create  CMakeFiles/cmTC_0a8c7.dir/CheckFunctionExists.c.o -o cmTC_0a8c7  -lpthreads && :
/usr/bin/ld: cannot find -lpthreads
collect2: error: ld returned 1 exit status
ninja: build stopped: subcommand failed.



Determining if the strtod_l exist failed with the following output:
Change Dir: /home/bzfmexig/projects/FeasPumpCollection/build/CMakeFiles/CMakeTmp

Run Build Command(s):/home/bzfmexig/anaconda3/bin/ninja cmTC_f2e33 && [1/2] Building C object CMakeFiles/cmTC_f2e33.dir/CheckSymbolExists.c.o
FAILED: CMakeFiles/cmTC_f2e33.dir/CheckSymbolExists.c.o 
/usr/bin/gcc    -o CMakeFiles/cmTC_f2e33.dir/CheckSymbolExists.c.o -c /home/bzfmexig/projects/FeasPumpCollection/build/CMakeFiles/CMakeTmp/CheckSymbolExists.c
/home/bzfmexig/projects/FeasPumpCollection/build/CMakeFiles/CMakeTmp/CheckSymbolExists.c: In function ‘main’:
/home/bzfmexig/projects/FeasPumpCollection/build/CMakeFiles/CMakeTmp/CheckSymbolExists.c:8:19: error: ‘strtod_l’ undeclared (first use in this function); did you mean ‘strtoull’?
    8 |   return ((int*)(&strtod_l))[argc];
      |                   ^~~~~~~~
      |                   strtoull
/home/bzfmexig/projects/FeasPumpCollection/build/CMakeFiles/CMakeTmp/CheckSymbolExists.c:8:19: note: each undeclared identifier is reported only once for each function it appears in
ninja: build stopped: subcommand failed.


File /home/bzfmexig/projects/FeasPumpCollection/build/CMakeFiles/CMakeTmp/CheckSymbolExists.c:
/* */
#include <stdlib.h>

int main(int argc, char** argv)
{
  (void)argv;
#ifndef strtod_l
  return ((int*)(&strtod_l))[argc];
#else
  (void)argc;
  return 0;
#endif
}
